<?xml version="1.0" encoding="UTF-8"?>
<!-- Generated by org.testng.reporters.JUnitReportReporter -->
<testsuite hostname="joy-PC" name="com.four.testcase.TestCase" tests="2" failures="0" timestamp="9 Oct 2017 02:42:48 GMT" time="56.045" errors="0">
  <testcase name="xaioErExceution" time="10.057" classname="com.four.testcase.TestCase"/>
  <testcase name="huoZhuAppExceution" time="45.988" classname="com.four.testcase.TestCase"/>
</testsuite> <!-- com.four.testcase.TestCase -->
